[2020-02-17 20:02:21.757] [exthost] [info] extension host started
[2020-02-17 20:02:21.802] [exthost] [info] ExtensionService#_doActivateExtension vscode.debug-auto-launch {"startup":true,"extensionId":{"value":"vscode.debug-auto-launch","_lower":"vscode.debug-auto-launch"},"activationEvent":"*"}
[2020-02-17 20:02:21.802] [exthost] [info] ExtensionService#loadCommonJSModule file:///snap/code/24/usr/share/code/resources/app/extensions/debug-auto-launch/dist/extension
[2020-02-17 20:02:21.806] [exthost] [info] ExtensionService#_doActivateExtension vscode.emmet {"startup":true,"extensionId":{"value":"vscode.emmet","_lower":"vscode.emmet"},"activationEvent":"*"}
[2020-02-17 20:02:21.806] [exthost] [info] ExtensionService#loadCommonJSModule file:///snap/code/24/usr/share/code/resources/app/extensions/emmet/dist/extension
[2020-02-17 20:02:21.825] [exthost] [info] ExtensionService#_doActivateExtension vscode.git {"startup":true,"extensionId":{"value":"vscode.git","_lower":"vscode.git"},"activationEvent":"*"}
[2020-02-17 20:02:21.825] [exthost] [info] ExtensionService#loadCommonJSModule file:///snap/code/24/usr/share/code/resources/app/extensions/git/dist/main
[2020-02-17 20:02:21.851] [exthost] [info] ExtensionService#_doActivateExtension vscode.merge-conflict {"startup":true,"extensionId":{"value":"vscode.merge-conflict","_lower":"vscode.merge-conflict"},"activationEvent":"*"}
[2020-02-17 20:02:21.851] [exthost] [info] ExtensionService#loadCommonJSModule file:///snap/code/24/usr/share/code/resources/app/extensions/merge-conflict/dist/extension
[2020-02-17 20:02:21.855] [exthost] [info] ExtensionService#_doActivateExtension vscode.search-result {"startup":true,"extensionId":{"value":"vscode.search-result","_lower":"vscode.search-result"},"activationEvent":"*"}
[2020-02-17 20:02:21.855] [exthost] [info] ExtensionService#loadCommonJSModule file:///snap/code/24/usr/share/code/resources/app/extensions/search-result/dist/extension.js
[2020-02-17 20:02:21.857] [exthost] [info] ExtensionService#_doActivateExtension vscode.vscode-account {"startup":true,"extensionId":{"value":"vscode.vscode-account","_lower":"vscode.vscode-account"},"activationEvent":"*"}
[2020-02-17 20:02:21.857] [exthost] [info] ExtensionService#loadCommonJSModule file:///snap/code/24/usr/share/code/resources/app/extensions/vscode-account/dist/extension.js
[2020-02-17 20:02:21.860] [exthost] [info] ExtensionService#_doActivateExtension dbaeumer.vscode-eslint {"startup":true,"extensionId":{"value":"dbaeumer.vscode-eslint","_lower":"dbaeumer.vscode-eslint"},"activationEvent":"*"}
[2020-02-17 20:02:21.860] [exthost] [info] ExtensionService#loadCommonJSModule file:///home/frederick_zoller/.vscode/extensions/dbaeumer.vscode-eslint-2.0.15/client/out/extension
[2020-02-17 20:02:21.870] [exthost] [info] ExtensionService#_doActivateExtension eamodio.gitlens {"startup":true,"extensionId":{"value":"eamodio.gitlens","_lower":"eamodio.gitlens"},"activationEvent":"*"}
[2020-02-17 20:02:21.870] [exthost] [info] ExtensionService#loadCommonJSModule file:///home/frederick_zoller/.vscode/extensions/eamodio.gitlens-10.2.1/dist/extension
[2020-02-17 20:02:22.014] [exthost] [info] ExtensionService#_doActivateExtension PKief.material-icon-theme {"startup":true,"extensionId":{"value":"PKief.material-icon-theme","_lower":"pkief.material-icon-theme"},"activationEvent":"*"}
[2020-02-17 20:02:22.014] [exthost] [info] ExtensionService#loadCommonJSModule file:///home/frederick_zoller/.vscode/extensions/pkief.material-icon-theme-3.9.3/dist/extension
[2020-02-17 20:02:22.025] [exthost] [info] ExtensionService#_doActivateExtension ritwickdey.LiveServer {"startup":true,"extensionId":{"value":"ritwickdey.LiveServer","_lower":"ritwickdey.liveserver"},"activationEvent":"*"}
[2020-02-17 20:02:22.025] [exthost] [info] ExtensionService#loadCommonJSModule file:///home/frederick_zoller/.vscode/extensions/ritwickdey.liveserver-5.6.1/out/src/extension
[2020-02-17 20:02:22.613] [exthost] [info] ExtensionService#_doActivateExtension RobbOwen.synthwave-vscode {"startup":true,"extensionId":{"value":"RobbOwen.synthwave-vscode","_lower":"robbowen.synthwave-vscode"},"activationEvent":"*"}
[2020-02-17 20:02:22.613] [exthost] [info] ExtensionService#loadCommonJSModule file:///home/frederick_zoller/.vscode/extensions/robbowen.synthwave-vscode-0.1.1/src/extension.js
[2020-02-17 20:02:22.624] [exthost] [info] eager extensions activated
[2020-02-17 20:02:40.949] [exthost] [info] ExtensionService#_doActivateExtension vscode.configuration-editing {"startup":false,"extensionId":{"value":"vscode.configuration-editing","_lower":"vscode.configuration-editing"},"activationEvent":"onLanguage:jsonc"}
[2020-02-17 20:02:40.951] [exthost] [info] ExtensionService#loadCommonJSModule file:///snap/code/24/usr/share/code/resources/app/extensions/configuration-editing/dist/extension
[2020-02-17 20:02:40.971] [exthost] [info] ExtensionService#_doActivateExtension vscode.json-language-features {"startup":false,"extensionId":{"value":"vscode.json-language-features","_lower":"vscode.json-language-features"},"activationEvent":"onLanguage:jsonc"}
[2020-02-17 20:02:40.971] [exthost] [info] ExtensionService#loadCommonJSModule file:///snap/code/24/usr/share/code/resources/app/extensions/json-language-features/client/dist/jsonMain
[2020-02-17 20:02:41.028] [exthost] [info] ExtensionService#_doActivateExtension vscode.typescript-language-features {"startup":false,"extensionId":{"value":"vscode.typescript-language-features","_lower":"vscode.typescript-language-features"},"activationEvent":"onLanguage:jsonc"}
[2020-02-17 20:02:41.028] [exthost] [info] ExtensionService#loadCommonJSModule file:///snap/code/24/usr/share/code/resources/app/extensions/typescript-language-features/dist/extension
[2020-02-17 20:03:00.884] [exthost] [info] ExtensionService#_doActivateExtension James-Yu.latex-workshop {"startup":false,"extensionId":{"value":"tecosaur.latex-utilities","_lower":"tecosaur.latex-utilities"},"activationEvent":"onLanguage:latex"}
[2020-02-17 20:03:00.884] [exthost] [info] ExtensionService#loadCommonJSModule file:///home/frederick_zoller/.vscode/extensions/james-yu.latex-workshop-8.7.2/out/src/main.js
[2020-02-17 20:03:01.230] [exthost] [info] ExtensionService#_doActivateExtension nickfode.latex-formatter {"startup":false,"extensionId":{"value":"nickfode.latex-formatter","_lower":"nickfode.latex-formatter"},"activationEvent":"onLanguage:latex"}
[2020-02-17 20:03:01.230] [exthost] [info] ExtensionService#loadCommonJSModule file:///home/frederick_zoller/.vscode/extensions/nickfode.latex-formatter-1.0.5/out/src/extension
[2020-02-17 20:03:01.634] [exthost] [info] ExtensionService#_doActivateExtension tecosaur.latex-utilities {"startup":false,"extensionId":{"value":"tecosaur.latex-utilities","_lower":"tecosaur.latex-utilities"},"activationEvent":"onLanguage:latex"}
[2020-02-17 20:03:01.634] [exthost] [info] ExtensionService#loadCommonJSModule file:///home/frederick_zoller/.vscode/extensions/tecosaur.latex-utilities-0.3.6/out/src/main.js
