Looking for git in: git
Using git 2.17.1 from git
> git rev-parse --show-toplevel
> git rev-parse --git-dir
Open repository: /home/frederick_zoller/Desktop/ArchivosLaTex
> git status -z -u
> git symbolic-ref --short HEAD
> git rev-parse master
> git rev-parse --symbolic-full-name master@{u}
> git rev-list --left-right master...refs/remotes/origin/master
> git for-each-ref --format %(refname) %(objectname) --sort -committerdate
> git remote --verbose
> git config --get commit.template
> git show :MM-411/Parcial1/JosueArielIzaguirreMejia_Tarea1.tex
> git ls-files --stage -- /home/frederick_zoller/Desktop/ArchivosLaTex/MM-411/Parcial1/JosueArielIzaguirreMejia_Tarea1.tex
> git cat-file -s 0fd67812328360510983f0b056ca01f3b9f08d24
> git check-ignore -v -z --stdin
> git status -z -u
> git symbolic-ref --short HEAD
> git rev-parse master
> git rev-parse --symbolic-full-name master@{u}
> git rev-list --left-right master...refs/remotes/origin/master
> git for-each-ref --format %(refname) %(objectname) --sort -committerdate
> git remote --verbose
> git config --get commit.template
> git check-ignore -v -z --stdin
> git show :MM-411/Parcial1/Metodos.tex
> git ls-files --stage -- /home/frederick_zoller/Desktop/ArchivosLaTex/MM-411/Parcial1/Metodos.tex
> git cat-file -s 5338de40c6942eacd7a1278648fedb1d825db001
> git check-ignore -v -z --stdin
> git show :MM-411/Parcial1/JosueArielIzaguirreMejia_Tarea1.tex
> git ls-files --stage -- /home/frederick_zoller/Desktop/ArchivosLaTex/MM-411/Parcial1/JosueArielIzaguirreMejia_Tarea1.tex
> git cat-file -s 0fd67812328360510983f0b056ca01f3b9f08d24
> git show :MM-411/Parcial1/Metodos.tex
> git ls-files --stage -- /home/frederick_zoller/Desktop/ArchivosLaTex/MM-411/Parcial1/Metodos.tex
> git cat-file -s 5338de40c6942eacd7a1278648fedb1d825db001
> git show :MM-411/Parcial1/JosueArielIzaguirreMejia_Tarea1.tex
> git ls-files --stage -- /home/frederick_zoller/Desktop/ArchivosLaTex/MM-411/Parcial1/JosueArielIzaguirreMejia_Tarea1.tex
> git cat-file -s 0fd67812328360510983f0b056ca01f3b9f08d24
> git status -z -u
> git symbolic-ref --short HEAD
> git rev-parse master
> git rev-parse --symbolic-full-name master@{u}
> git rev-list --left-right master...refs/remotes/origin/master
> git for-each-ref --format %(refname) %(objectname) --sort -committerdate
> git remote --verbose
> git config --get commit.template
